<?xml version="1.0" encoding="UTF-8"?>
<testng-results ignored="0" total="1" passed="1" failed="0" skipped="0">
  <reporter-output>
  </reporter-output>
  <suite started-at="2025-10-06T17:56:54 IST" name="Default suite" finished-at="2025-10-06T17:57:01 IST" duration-ms="7200">
    <groups>
    </groups>
    <test started-at="2025-10-06T17:56:54 IST" name="Default test" finished-at="2025-10-06T17:57:01 IST" duration-ms="7200">
      <class name="tests.CustomerFormTest">
        <test-method is-config="true" signature="setup()[pri:0, instance:tests.CustomerFormTest@7c137fd5]" started-at="2025-10-06T17:56:54 IST" name="setup" finished-at="2025-10-06T17:56:58 IST" duration-ms="3831" status="PASS">
          <reporter-output>
          </reporter-output>
        </test-method> <!-- setup -->
        <test-method signature="custForm()[pri:0, instance:tests.CustomerFormTest@7c137fd5]" started-at="2025-10-06T17:56:58 IST" name="custForm" finished-at="2025-10-06T17:57:01 IST" duration-ms="3304" status="PASS">
          <reporter-output>
          </reporter-output>
        </test-method> <!-- custForm -->
      </class> <!-- tests.CustomerFormTest -->
    </test> <!-- Default test -->
  </suite> <!-- Default suite -->
</testng-results>
