<?xml version="1.0" encoding="UTF-8"?>
<!-- Generated by org.testng.reporters.JUnitXMLReporter -->
<testsuite ignored="11" hostname="ECS-Dinesh" failures="0" tests="1" name="Default test" time="7.394" errors="0" timestamp="2025-10-08T16:55:01 IST">
  <testcase classname="tests.CustomerFormNegativeTest" name="missingLanguage" time="4.224"/>
  <testcase classname="tests.CustomerFormNegativeTest" name="missingName" time="0.0">
    <ignored/>
  </testcase> <!-- missingName -->
  <testcase classname="tests.CustomerFormNegativeTest" name="missingEmail" time="0.0">
    <ignored/>
  </testcase> <!-- missingEmail -->
  <testcase classname="tests.CustomerFormNegativeTest" name="missingCity" time="0.0">
    <ignored/>
  </testcase> <!-- missingCity -->
  <testcase classname="tests.CustomerFormNegativeTest" name="missingBudget" time="0.0">
    <ignored/>
  </testcase> <!-- missingBudget -->
  <testcase classname="tests.CustomerFormNegativeTest" name="submitFormWithAllFieldsEmpty" time="0.0">
    <ignored/>
  </testcase> <!-- submitFormWithAllFieldsEmpty -->
  <testcase classname="tests.CustomerFormNegativeTest" name="missingCountry" time="0.0">
    <ignored/>
  </testcase> <!-- missingCountry -->
  <testcase classname="tests.CustomerFormNegativeTest" name="missingCurrency" time="0.0">
    <ignored/>
  </testcase> <!-- missingCurrency -->
  <testcase classname="tests.CustomerFormNegativeTest" name="missingType" time="0.0">
    <ignored/>
  </testcase> <!-- missingType -->
  <testcase classname="tests.CustomerFormNegativeTest" name="missingObjective" time="0.0">
    <ignored/>
  </testcase> <!-- missingObjective -->
  <testcase classname="tests.CustomerFormNegativeTest" name="missingResidence" time="0.0">
    <ignored/>
  </testcase> <!-- missingResidence -->
  <testcase classname="tests.CustomerFormNegativeTest" name="missingContact" time="0.0">
    <ignored/>
  </testcase> <!-- missingContact -->
</testsuite> <!-- Default test -->
